# JRE version: OpenJDK Runtime Environment (21.0.5) (build 21.0.5+-12932927-b750.29)
# Java VM: OpenJDK 64-Bit Server VM (21.0.5+-12932927-b750.29, mixed mode, tiered, compressed oops, compressed class ptrs, g1 gc, windows-amd64)
GC Precious Log:
 CardTable entry size: 512
 Card Set container configuration: InlinePtr #cards 5 size 8 Array Of Cards #cards 12 size 40 Howl #buckets 4 coarsen threshold 1843 Howl Bitmap #cards 512 size 80 coarsen threshold 460 Card regions per heap region 1 cards per card region 2048
 CPUs: 4 total, 4 available
 Memory: 16271M
 Large Page Support: Disabled
 NUMA Support: Disabled
 Compressed Oops: Enabled (32-bit)
 Heap Region Size: 1M
 Heap Min Capacity: 8M
 Heap Initial Capacity: 256M
 Heap Max Capacity: 2G
 Pre-touch: Disabled
 Parallel Workers: 4
 Concurrent Workers: 1
 Concurrent Refinement Workers: 4
 Periodic GC: Disabled
Heap:
 garbage-first heap   total 237568K, used 200192K [0x0000000080000000, 0x0000000100000000)
  region size 1024K, 6 young (6144K), 4 survivors (4096K)
 Metaspace       used 65049K, committed 66496K, reserved 491520K
  class space    used 8690K, committed 9408K, reserved 425984K
GC Heap History (20 events):
Event: 91.369 GC heap before
{Heap before GC invocations=64 (full 0):
 garbage-first heap   total 184320K, used 161280K [0x0000000080000000, 0x0000000100000000)
  region size 1024K, 31 young (31744K), 6 survivors (6144K)
 Metaspace       used 64718K, committed 66240K, reserved 491520K
  class space    used 8689K, committed 9408K, reserved 425984K
}
Event: 91.402 GC heap after
{Heap after GC invocations=65 (full 0):
 garbage-first heap   total 191488K, used 157184K [0x0000000080000000, 0x0000000100000000)
  region size 1024K, 4 young (4096K), 4 survivors (4096K)
 Metaspace       used 64718K, committed 66240K, reserved 491520K
  class space    used 8689K, committed 9408K, reserved 425984K
}
Event: 91.581 GC heap before
{Heap before GC invocations=65 (full 0):
 garbage-first heap   total 191488K, used 170496K [0x0000000080000000, 0x0000000100000000)
  region size 1024K, 17 young (17408K), 4 survivors (4096K)
 Metaspace       used 64727K, committed 66240K, reserved 491520K
  class space    used 8689K, committed 9408K, reserved 425984K
}
Event: 91.591 GC heap after
{Heap after GC invocations=66 (full 0):
 garbage-first heap   total 230400K, used 161792K [0x0000000080000000, 0x0000000100000000)
  region size 1024K, 3 young (3072K), 3 survivors (3072K)
 Metaspace       used 64727K, committed 66240K, reserved 491520K
  class space    used 8689K, committed 9408K, reserved 425984K
}
Event: 92.322 GC heap before
{Heap before GC invocations=67 (full 0):
 garbage-first heap   total 230400K, used 164864K [0x0000000080000000, 0x0000000100000000)
  region size 1024K, 29 young (29696K), 3 survivors (3072K)
 Metaspace       used 64762K, committed 66240K, reserved 491520K
  class space    used 8689K, committed 9408K, reserved 425984K
}
Event: 92.327 GC heap after
{Heap after GC invocations=68 (full 0):
 garbage-first heap   total 230400K, used 140321K [0x0000000080000000, 0x0000000100000000)
  region size 1024K, 2 young (2048K), 2 survivors (2048K)
 Metaspace       used 64762K, committed 66240K, reserved 491520K
  class space    used 8689K, committed 9408K, reserved 425984K
}
Event: 94.030 GC heap before
{Heap before GC invocations=68 (full 0):
 garbage-first heap   total 230400K, used 179233K [0x0000000080000000, 0x0000000100000000)
  region size 1024K, 41 young (41984K), 2 survivors (2048K)
 Metaspace       used 64853K, committed 66368K, reserved 491520K
  class space    used 8690K, committed 9408K, reserved 425984K
}
Event: 94.035 GC heap after
{Heap after GC invocations=69 (full 0):
 garbage-first heap   total 230400K, used 126225K [0x0000000080000000, 0x0000000100000000)
  region size 1024K, 3 young (3072K), 3 survivors (3072K)
 Metaspace       used 64853K, committed 66368K, reserved 491520K
  class space    used 8690K, committed 9408K, reserved 425984K
}
Event: 94.832 GC heap before
{Heap before GC invocations=69 (full 0):
 garbage-first heap   total 230400K, used 175377K [0x0000000080000000, 0x0000000100000000)
  region size 1024K, 52 young (53248K), 3 survivors (3072K)
 Metaspace       used 64889K, committed 66368K, reserved 491520K
  class space    used 8690K, committed 9408K, reserved 425984K
}
Event: 94.834 GC heap after
{Heap after GC invocations=70 (full 0):
 garbage-first heap   total 230400K, used 126568K [0x0000000080000000, 0x0000000100000000)
  region size 1024K, 3 young (3072K), 3 survivors (3072K)
 Metaspace       used 64889K, committed 66368K, reserved 491520K
  class space    used 8690K, committed 9408K, reserved 425984K
}
Event: 95.146 GC heap before
{Heap before GC invocations=70 (full 0):
 garbage-first heap   total 230400K, used 182888K [0x0000000080000000, 0x0000000100000000)
  region size 1024K, 58 young (59392K), 3 survivors (3072K)
 Metaspace       used 64900K, committed 66368K, reserved 491520K
  class space    used 8690K, committed 9408K, reserved 425984K
}
Event: 95.150 GC heap after
{Heap after GC invocations=71 (full 0):
 garbage-first heap   total 230400K, used 127224K [0x0000000080000000, 0x0000000100000000)
  region size 1024K, 4 young (4096K), 4 survivors (4096K)
 Metaspace       used 64900K, committed 66368K, reserved 491520K
  class space    used 8690K, committed 9408K, reserved 425984K
}
Event: 95.943 GC heap before
{Heap before GC invocations=71 (full 0):
 garbage-first heap   total 230400K, used 186616K [0x0000000080000000, 0x0000000100000000)
  region size 1024K, 64 young (65536K), 4 survivors (4096K)
 Metaspace       used 65018K, committed 66496K, reserved 491520K
  class space    used 8690K, committed 9408K, reserved 425984K
}
Event: 95.956 GC heap after
{Heap after GC invocations=72 (full 0):
 garbage-first heap   total 230400K, used 140288K [0x0000000080000000, 0x0000000100000000)
  region size 1024K, 8 young (8192K), 8 survivors (8192K)
 Metaspace       used 65018K, committed 66496K, reserved 491520K
  class space    used 8690K, committed 9408K, reserved 425984K
}
Event: 96.683 GC heap before
{Heap before GC invocations=73 (full 0):
 garbage-first heap   total 237568K, used 194560K [0x0000000080000000, 0x0000000100000000)
  region size 1024K, 59 young (60416K), 8 survivors (8192K)
 Metaspace       used 65033K, committed 66496K, reserved 491520K
  class space    used 8690K, committed 9408K, reserved 425984K
}
Event: 96.710 GC heap after
{Heap after GC invocations=74 (full 0):
 garbage-first heap   total 237568K, used 165888K [0x0000000080000000, 0x0000000100000000)
  region size 1024K, 8 young (8192K), 8 survivors (8192K)
 Metaspace       used 65033K, committed 66496K, reserved 491520K
  class space    used 8690K, committed 9408K, reserved 425984K
}
Event: 98.061 GC heap before
{Heap before GC invocations=74 (full 0):
 garbage-first heap   total 237568K, used 204800K [0x0000000080000000, 0x0000000100000000)
  region size 1024K, 44 young (45056K), 8 survivors (8192K)
 Metaspace       used 65037K, committed 66496K, reserved 491520K
  class space    used 8690K, committed 9408K, reserved 425984K
}
Event: 98.094 GC heap after
{Heap after GC invocations=75 (full 0):
 garbage-first heap   total 237568K, used 184320K [0x0000000080000000, 0x0000000100000000)
  region size 1024K, 6 young (6144K), 6 survivors (6144K)
 Metaspace       used 65037K, committed 66496K, reserved 491520K
  class space    used 8690K, committed 9408K, reserved 425984K
}
Event: 98.714 GC heap before
{Heap before GC invocations=75 (full 0):
 garbage-first heap   total 237568K, used 204800K [0x0000000080000000, 0x0000000100000000)
  region size 1024K, 28 young (28672K), 6 survivors (6144K)
 Metaspace       used 65049K, committed 66496K, reserved 491520K
  class space    used 8690K, committed 9408K, reserved 425984K
}
Event: 98.733 GC heap after
{Heap after GC invocations=76 (full 0):
 garbage-first heap   total 237568K, used 203264K [0x0000000080000000, 0x0000000100000000)
  region size 1024K, 4 young (4096K), 4 survivors (4096K)
 Metaspace       used 65049K, committed 66496K, reserved 491520K
  class space    used 8690K, committed 9408K, reserved 425984K
}

